<?xml version="1.0" encoding="UTF-8"?>
<!-- Generated by org.testng.reporters.JUnitReportReporter -->
<testsuite hostname="SANDEEPINI" name="com.actitime.test.CreateCustomer" tests="1" failures="0" timestamp="11 Apr 2020 13:37:48 GMT" time="38.750" errors="0">
  <testcase name="testCreateCustomer" time="38.750" classname="com.actitime.test.CreateCustomer"/>
</testsuite> <!-- com.actitime.test.CreateCustomer -->
